#! /usr/local/Cellar/icarus-verilog/11.0/bin/vvp
:ivl_version "11.0 (stable)";
:ivl_delay_selection "TYPICAL";
:vpi_time_precision + 0;
:vpi_module "/usr/local/Cellar/icarus-verilog/11.0/lib/ivl/system.vpi";
:vpi_module "/usr/local/Cellar/icarus-verilog/11.0/lib/ivl/vhdl_sys.vpi";
:vpi_module "/usr/local/Cellar/icarus-verilog/11.0/lib/ivl/vhdl_textio.vpi";
:vpi_module "/usr/local/Cellar/icarus-verilog/11.0/lib/ivl/v2005_math.vpi";
:vpi_module "/usr/local/Cellar/icarus-verilog/11.0/lib/ivl/va_math.vpi";
S_0x7f8a31c06c60 .scope module, "CellY3XPLUS3" "CellY3XPLUS3" 2 1;
 .timescale 0 0;
    .port_info 0 /OUTPUT 1 "Cout1";
    .port_info 1 /OUTPUT 1 "Cout0";
    .port_info 2 /OUTPUT 1 "Y";
    .port_info 3 /INPUT 1 "Cin1";
    .port_info 4 /INPUT 1 "Cin0";
    .port_info 5 /INPUT 1 "X";
o0x7f8a31f32038 .functor BUFZ 1, C4<z>; HiZ drive
o0x7f8a31f32008 .functor BUFZ 1, C4<z>; HiZ drive
L_0x7f8a31c1bd30 .functor OR 1, o0x7f8a31f32038, o0x7f8a31f32008, C4<0>, C4<0>;
o0x7f8a31f320c8 .functor BUFZ 1, C4<z>; HiZ drive
L_0x7f8a31c1bdc0 .functor AND 1, o0x7f8a31f320c8, L_0x7f8a31c1bd30, C4<1>, C4<1>;
L_0x7f8a31c1bed0 .functor NOT 1, o0x7f8a31f320c8, C4<0>, C4<0>, C4<0>;
L_0x7f8a31c1bf80 .functor AND 1, o0x7f8a31f32038, L_0x7f8a31c1bed0, C4<1>, C4<1>;
L_0x7f8a31c1c0b0 .functor AND 1, o0x7f8a31f32038, o0x7f8a31f32008, C4<1>, C4<1>;
L_0x7f8a31c1c190 .functor OR 1, L_0x7f8a31c1bf80, L_0x7f8a31c1c0b0, C4<0>, C4<0>;
L_0x7f8a31c1c280 .functor NOT 1, o0x7f8a31f320c8, C4<0>, C4<0>, C4<0>;
L_0x7f8a31c1c330 .functor AND 1, o0x7f8a31f32008, L_0x7f8a31c1c280, C4<1>, C4<1>;
L_0x7f8a31c1c400 .functor OR 1, L_0x7f8a31c1c190, L_0x7f8a31c1c330, C4<0>, C4<0>;
L_0x7f8a31c1c540 .functor XOR 1, o0x7f8a31f32008, o0x7f8a31f320c8, C4<0>, C4<0>;
v0x7f8a31c099c0_0 .net "Cin0", 0 0, o0x7f8a31f32008;  0 drivers
v0x7f8a31c1b420_0 .net "Cin1", 0 0, o0x7f8a31f32038;  0 drivers
v0x7f8a31c1b4c0_0 .net "Cout0", 0 0, L_0x7f8a31c1c400;  1 drivers
v0x7f8a31c1b550_0 .net "Cout1", 0 0, L_0x7f8a31c1bdc0;  1 drivers
v0x7f8a31c1b5f0_0 .net "X", 0 0, o0x7f8a31f320c8;  0 drivers
v0x7f8a31c1b6d0_0 .net "Y", 0 0, L_0x7f8a31c1c540;  1 drivers
v0x7f8a31c1b770_0 .net *"_ivl_0", 0 0, L_0x7f8a31c1bd30;  1 drivers
v0x7f8a31c1b820_0 .net *"_ivl_10", 0 0, L_0x7f8a31c1c190;  1 drivers
v0x7f8a31c1b8d0_0 .net *"_ivl_12", 0 0, L_0x7f8a31c1c280;  1 drivers
v0x7f8a31c1b9e0_0 .net *"_ivl_14", 0 0, L_0x7f8a31c1c330;  1 drivers
v0x7f8a31c1ba90_0 .net *"_ivl_4", 0 0, L_0x7f8a31c1bed0;  1 drivers
v0x7f8a31c1bb40_0 .net *"_ivl_6", 0 0, L_0x7f8a31c1bf80;  1 drivers
v0x7f8a31c1bbf0_0 .net *"_ivl_8", 0 0, L_0x7f8a31c1c0b0;  1 drivers
# The file index is used to find the file name in the following table.
:file_names 3;
    "N/A";
    "<interactive>";
    "/Users/ammaralfaifi/projects/verilog/assignmemt 3/CellY3XPLUS3.v";
